2016.04.02-17:35:18.58 - [INFO] Loading logger config from: log.conf
2016.04.02-17:35:22.87 - [INFO] Loading logger config from: log.conf
2016.04.02-17:35:49.06 - [INFO] Loading logger config from: log.conf
2016.04.02-17:36:08.58 - [ERROR] Protocolo desconhecido @ find_port()

2016.04.02-17:36:08.58 - [ERROR] Protocolo desconhecido @ insert_port_in_hash()

2016.04.02-17:36:08.58 - [ERROR] Protocolo desconhecido @ find_port()

2016.04.02-17:36:08.58 - [ERROR] Protocolo desconhecido @ insert_port_in_hash()

2016.04.02-17:36:09.58 - [ERROR] Protocolo desconhecido @ find_port()

2016.04.02-17:36:09.58 - [ERROR] Protocolo desconhecido @ insert_port_in_hash()

2016.04.02-17:36:10.58 - [ERROR] Protocolo desconhecido @ find_port()

2016.04.02-17:36:10.58 - [ERROR] Protocolo desconhecido @ insert_port_in_hash()

2016.04.02-17:36:11.08 - [ERROR] Protocolo desconhecido @ find_port()

2016.04.02-17:36:11.08 - [ERROR] Protocolo desconhecido @ insert_port_in_hash()

2016.04.02-17:36:13.08 - [ERROR] Protocolo desconhecido @ find_port()

2016.04.02-17:36:13.08 - [ERROR] Protocolo desconhecido @ insert_port_in_hash()

2016.04.02-17:36:13.08 - [ERROR] Protocolo desconhecido @ find_port()

2016.04.02-17:36:13.08 - [ERROR] Protocolo desconhecido @ insert_port_in_hash()

2016.04.02-17:36:13.08 - [ERROR] Protocolo desconhecido @ find_port()

2016.04.02-17:36:13.08 - [ERROR] Protocolo desconhecido @ insert_port_in_hash()

2016.04.02-17:36:13.08 - [ERROR] Protocolo desconhecido @ find_port()

2016.04.02-17:36:13.08 - [ERROR] Protocolo desconhecido @ insert_port_in_hash()

2016.04.02-17:36:13.08 - [ERROR] Protocolo desconhecido @ find_port()

2016.04.02-17:36:13.08 - [ERROR] Protocolo desconhecido @ insert_port_in_hash()

2016.04.02-17:36:13.08 - [ERROR] Protocolo desconhecido @ find_port()

2016.04.02-17:36:13.08 - [ERROR] Protocolo desconhecido @ insert_port_in_hash()

2016.04.02-17:36:13.08 - [ERROR] Protocolo desconhecido @ find_port()

2016.04.02-17:36:13.08 - [ERROR] Protocolo desconhecido @ insert_port_in_hash()

2016.04.02-17:36:13.08 - [ERROR] Protocolo desconhecido @ find_port()

2016.04.02-17:36:13.08 - [ERROR] Protocolo desconhecido @ insert_port_in_hash()

2016.04.02-17:36:13.08 - [ERROR] Protocolo desconhecido @ find_port()

2016.04.02-17:36:13.08 - [ERROR] Protocolo desconhecido @ insert_port_in_hash()

2016.04.02-17:36:13.08 - [ERROR] Protocolo desconhecido @ find_port()

2016.04.02-17:36:13.08 - [ERROR] Protocolo desconhecido @ insert_port_in_hash()

2016.04.02-17:36:17.58 - [ERROR] Protocolo desconhecido @ find_port()

2016.04.02-17:36:17.58 - [ERROR] Protocolo desconhecido @ insert_port_in_hash()

2016.04.02-17:36:29.07 - [WARN] Fluxo suspeito na porta 5353
2016.04.02-17:36:29.07 - [WARN] Fluxo suspeito na porta 67
2016.04.02-17:36:43.08 - [ERROR] Protocolo desconhecido @ find_port()

2016.04.02-17:36:43.08 - [ERROR] Protocolo desconhecido @ insert_port_in_hash()

2016.04.02-17:36:43.08 - [ERROR] Protocolo desconhecido @ find_port()

2016.04.02-17:36:43.08 - [ERROR] Protocolo desconhecido @ insert_port_in_hash()

2016.04.02-17:36:43.08 - [ERROR] Protocolo desconhecido @ find_port()

2016.04.02-17:36:43.08 - [ERROR] Protocolo desconhecido @ insert_port_in_hash()

2016.04.02-17:36:43.08 - [ERROR] Protocolo desconhecido @ find_port()

2016.04.02-17:36:43.08 - [ERROR] Protocolo desconhecido @ insert_port_in_hash()

2016.04.02-17:36:43.08 - [ERROR] Protocolo desconhecido @ find_port()

2016.04.02-17:36:43.08 - [ERROR] Protocolo desconhecido @ insert_port_in_hash()

2016.04.02-17:36:43.08 - [ERROR] Protocolo desconhecido @ find_port()

2016.04.02-17:36:43.08 - [ERROR] Protocolo desconhecido @ insert_port_in_hash()

2016.04.02-17:36:43.08 - [ERROR] Protocolo desconhecido @ find_port()

2016.04.02-17:36:43.08 - [ERROR] Protocolo desconhecido @ insert_port_in_hash()

2016.04.02-17:36:43.08 - [ERROR] Protocolo desconhecido @ find_port()

2016.04.02-17:36:43.08 - [ERROR] Protocolo desconhecido @ insert_port_in_hash()

2016.04.02-17:36:44.58 - [ERROR] Protocolo desconhecido @ find_port()

2016.04.02-17:36:44.58 - [ERROR] Protocolo desconhecido @ insert_port_in_hash()

2016.04.02-17:36:44.58 - [ERROR] Protocolo desconhecido @ find_port()

2016.04.02-17:36:44.58 - [ERROR] Protocolo desconhecido @ insert_port_in_hash()

2016.04.02-17:36:49.07 - [WARN] Fluxo suspeito na porta 5353
2016.04.02-17:36:49.07 - [WARN] Fluxo suspeito na porta 5355
2016.04.02-17:36:59.07 - [WARN] Fluxo suspeito na porta 5353
2016.04.02-17:36:59.07 - [WARN] Fluxo suspeito na porta 67
2016.04.02-17:37:09.07 - [WARN] Fluxo suspeito na porta 5353
2016.04.02-17:37:09.07 - [[31mATK[0m] Ataque na porta 5353
2016.04.02-17:37:09.07 - [INFO] Number of iterations: 1, size of upper ips 1
2016.04.02-17:37:09.07 - 	[TOPSND] 1 -  Top Sender IP ff02::fb (upper_ip: 0) with packets: 1
2016.04.02-17:37:09.07 - [WARN] Fluxo suspeito na porta 17500
2016.04.02-17:37:13.08 - [ERROR] Protocolo desconhecido @ find_port()

2016.04.02-17:37:13.08 - [ERROR] Protocolo desconhecido @ insert_port_in_hash()

2016.04.02-17:37:13.08 - [ERROR] Protocolo desconhecido @ find_port()

2016.04.02-17:37:13.08 - [ERROR] Protocolo desconhecido @ insert_port_in_hash()

2016.04.02-17:37:13.08 - [ERROR] Protocolo desconhecido @ find_port()

2016.04.02-17:37:13.08 - [ERROR] Protocolo desconhecido @ insert_port_in_hash()

2016.04.02-17:37:13.08 - [ERROR] Protocolo desconhecido @ find_port()

2016.04.02-17:37:13.08 - [ERROR] Protocolo desconhecido @ insert_port_in_hash()

2016.04.02-17:37:13.08 - [ERROR] Protocolo desconhecido @ find_port()

2016.04.02-17:37:13.08 - [ERROR] Protocolo desconhecido @ insert_port_in_hash()

2016.04.02-17:37:14.58 - [ERROR] Protocolo desconhecido @ find_port()

2016.04.02-17:37:14.58 - [ERROR] Protocolo desconhecido @ insert_port_in_hash()

2016.04.02-17:37:14.58 - [ERROR] Protocolo desconhecido @ find_port()

2016.04.02-17:37:14.58 - [ERROR] Protocolo desconhecido @ insert_port_in_hash()

2016.04.02-17:37:19.07 - [WARN] Fluxo suspeito na porta 5353
2016.04.02-17:37:19.07 - [[31mATK[0m] Ataque na porta 5353
2016.04.02-17:37:19.07 - [INFO] Number of iterations: 1, size of upper ips 1
2016.04.02-17:37:19.07 - 	[TOPSND] 1 -  Top Sender IP 224.0.0.251 (upper_ip: 57344) with packets: 1
2016.04.02-17:37:19.07 - [WARN] Fluxo suspeito na porta 5355
2016.04.02-17:37:19.07 - [WARN] Fluxo suspeito na porta 67
2016.04.02-17:37:29.07 - [WARN] Fluxo suspeito na porta 5353
2016.04.02-17:37:29.07 - [[31mATK[0m] Ataque na porta 5353
2016.04.02-17:37:29.07 - [INFO] Number of iterations: 1, size of upper ips 1
2016.04.02-17:37:29.07 - 	[TOPSND] 1 -  Top Sender IP 224.0.0.251 (upper_ip: 57344) with packets: 1
2016.04.02-17:37:29.07 - [WARN] Fluxo suspeito na porta 67
2016.04.02-17:37:30.58 - [ERROR] Protocolo desconhecido @ find_port()

2016.04.02-17:37:30.58 - [ERROR] Protocolo desconhecido @ insert_port_in_hash()

2016.04.02-17:37:39.07 - [WARN] Fluxo suspeito na porta 1900
2016.04.02-17:37:39.07 - [WARN] Fluxo suspeito na porta 17500
2016.04.02-17:37:41.08 - [ERROR] Protocolo desconhecido @ find_port()

2016.04.02-17:37:41.08 - [ERROR] Protocolo desconhecido @ insert_port_in_hash()

2016.04.02-17:37:43.08 - [ERROR] Protocolo desconhecido @ find_port()

2016.04.02-17:37:43.08 - [ERROR] Protocolo desconhecido @ insert_port_in_hash()

2016.04.02-17:37:43.08 - [ERROR] Protocolo desconhecido @ find_port()

2016.04.02-17:37:43.08 - [ERROR] Protocolo desconhecido @ insert_port_in_hash()

2016.04.02-17:37:43.08 - [ERROR] Protocolo desconhecido @ find_port()

2016.04.02-17:37:43.08 - [ERROR] Protocolo desconhecido @ insert_port_in_hash()

2016.04.02-17:37:43.08 - [ERROR] Protocolo desconhecido @ find_port()

2016.04.02-17:37:43.08 - [ERROR] Protocolo desconhecido @ insert_port_in_hash()

2016.04.02-17:37:43.08 - [ERROR] Protocolo desconhecido @ find_port()

2016.04.02-17:37:43.08 - [ERROR] Protocolo desconhecido @ insert_port_in_hash()

2016.04.02-17:37:43.08 - [ERROR] Protocolo desconhecido @ find_port()

2016.04.02-17:37:43.08 - [ERROR] Protocolo desconhecido @ insert_port_in_hash()

2016.04.02-17:37:43.08 - [ERROR] Protocolo desconhecido @ find_port()

2016.04.02-17:37:43.08 - [ERROR] Protocolo desconhecido @ insert_port_in_hash()

2016.04.02-17:37:43.08 - [ERROR] Protocolo desconhecido @ find_port()

2016.04.02-17:37:43.08 - [ERROR] Protocolo desconhecido @ insert_port_in_hash()

2016.04.02-17:37:44.58 - [ERROR] Protocolo desconhecido @ find_port()

2016.04.02-17:37:44.58 - [ERROR] Protocolo desconhecido @ insert_port_in_hash()

2016.04.02-17:37:44.58 - [ERROR] Protocolo desconhecido @ find_port()

2016.04.02-17:37:44.58 - [ERROR] Protocolo desconhecido @ insert_port_in_hash()

2016.04.02-17:37:49.07 - [WARN] Fluxo suspeito na porta 5355
2016.04.02-17:37:51.58 - [ERROR] Protocolo desconhecido @ find_port()

2016.04.02-17:37:51.58 - [ERROR] Protocolo desconhecido @ insert_port_in_hash()

2016.04.02-17:37:51.58 - [ERROR] Protocolo desconhecido @ find_port()

2016.04.02-17:37:51.58 - [ERROR] Protocolo desconhecido @ insert_port_in_hash()

2016.04.02-17:37:55.58 - [ERROR] Protocolo desconhecido @ find_port()

2016.04.02-17:37:55.58 - [ERROR] Protocolo desconhecido @ insert_port_in_hash()

2016.04.02-17:37:56.08 - [ERROR] Protocolo desconhecido @ find_port()

2016.04.02-17:37:56.08 - [ERROR] Protocolo desconhecido @ insert_port_in_hash()

2016.04.02-17:37:56.08 - [ERROR] Protocolo desconhecido @ find_port()

2016.04.02-17:37:56.08 - [ERROR] Protocolo desconhecido @ insert_port_in_hash()

2016.04.02-17:37:59.07 - [WARN] Fluxo suspeito na porta 5353
2016.04.02-17:37:59.07 - [WARN] Fluxo suspeito na porta 67
2016.04.02-17:37:59.07 - [WARN] Fluxo suspeito na porta 68
2016.04.02-17:37:59.09 - [ERROR] Protocolo desconhecido @ find_port()

2016.04.02-17:37:59.09 - [ERROR] Protocolo desconhecido @ insert_port_in_hash()

2016.04.02-17:38:09.07 - [WARN] Fluxo suspeito na porta 5353
2016.04.02-17:38:09.07 - [WARN] Fluxo suspeito na porta 17500
2016.04.02-17:38:13.08 - [ERROR] Protocolo desconhecido @ find_port()

2016.04.02-17:38:13.08 - [ERROR] Protocolo desconhecido @ insert_port_in_hash()

2016.04.02-17:38:13.08 - [ERROR] Protocolo desconhecido @ find_port()

2016.04.02-17:38:13.08 - [ERROR] Protocolo desconhecido @ insert_port_in_hash()

2016.04.02-17:38:13.08 - [ERROR] Protocolo desconhecido @ find_port()

2016.04.02-17:38:13.08 - [ERROR] Protocolo desconhecido @ insert_port_in_hash()

2016.04.02-17:38:13.08 - [ERROR] Protocolo desconhecido @ find_port()

2016.04.02-17:38:13.08 - [ERROR] Protocolo desconhecido @ insert_port_in_hash()

2016.04.02-17:38:13.08 - [ERROR] Protocolo desconhecido @ find_port()

2016.04.02-17:38:13.08 - [ERROR] Protocolo desconhecido @ insert_port_in_hash()

2016.04.02-17:38:13.08 - [ERROR] Protocolo desconhecido @ find_port()

2016.04.02-17:38:13.08 - [ERROR] Protocolo desconhecido @ insert_port_in_hash()

2016.04.02-17:38:13.08 - [ERROR] Protocolo desconhecido @ find_port()

2016.04.02-17:38:13.08 - [ERROR] Protocolo desconhecido @ insert_port_in_hash()

2016.04.02-17:38:13.08 - [ERROR] Protocolo desconhecido @ find_port()

2016.04.02-17:38:13.08 - [ERROR] Protocolo desconhecido @ insert_port_in_hash()

2016.04.02-17:38:14.58 - [ERROR] Protocolo desconhecido @ find_port()

2016.04.02-17:38:14.58 - [ERROR] Protocolo desconhecido @ insert_port_in_hash()

2016.04.02-17:38:14.58 - [ERROR] Protocolo desconhecido @ find_port()

2016.04.02-17:38:14.58 - [ERROR] Protocolo desconhecido @ insert_port_in_hash()

2016.04.02-17:38:19.07 - [WARN] Fluxo suspeito na porta 5355
2016.04.02-17:38:29.07 - [WARN] Fluxo suspeito na porta 67
2016.04.02-17:38:39.07 - [WARN] Fluxo suspeito na porta 17500
2016.04.02-17:38:44.58 - [ERROR] Protocolo desconhecido @ find_port()

2016.04.02-17:38:44.58 - [ERROR] Protocolo desconhecido @ insert_port_in_hash()

2016.04.02-17:38:44.58 - [ERROR] Protocolo desconhecido @ find_port()

2016.04.02-17:38:44.58 - [ERROR] Protocolo desconhecido @ insert_port_in_hash()

2016.04.02-17:38:44.58 - [ERROR] Protocolo desconhecido @ find_port()

2016.04.02-17:38:44.58 - [ERROR] Protocolo desconhecido @ insert_port_in_hash()

2016.04.02-17:38:44.58 - [ERROR] Protocolo desconhecido @ find_port()

2016.04.02-17:38:44.58 - [ERROR] Protocolo desconhecido @ insert_port_in_hash()

2016.04.02-17:38:44.58 - [ERROR] Protocolo desconhecido @ find_port()

2016.04.02-17:38:44.58 - [ERROR] Protocolo desconhecido @ insert_port_in_hash()

2016.04.02-17:38:44.58 - [ERROR] Protocolo desconhecido @ find_port()

2016.04.02-17:38:44.58 - [ERROR] Protocolo desconhecido @ insert_port_in_hash()

2016.04.02-17:38:44.58 - [ERROR] Protocolo desconhecido @ find_port()

2016.04.02-17:38:44.58 - [ERROR] Protocolo desconhecido @ insert_port_in_hash()

2016.04.02-17:38:44.58 - [ERROR] Protocolo desconhecido @ find_port()

2016.04.02-17:38:44.58 - [ERROR] Protocolo desconhecido @ insert_port_in_hash()

2016.04.02-17:38:44.58 - [ERROR] Protocolo desconhecido @ find_port()

2016.04.02-17:38:44.58 - [ERROR] Protocolo desconhecido @ insert_port_in_hash()

2016.04.02-17:38:44.58 - [ERROR] Protocolo desconhecido @ find_port()

2016.04.02-17:38:44.58 - [ERROR] Protocolo desconhecido @ insert_port_in_hash()

2016.04.02-17:38:49.07 - [WARN] Fluxo suspeito na porta 5355
2016.04.02-17:38:49.07 - [WARN] Fluxo suspeito na porta 67
2016.04.02-17:38:49.07 - [WARN] Fluxo suspeito na porta 1900
2016.04.02-17:39:09.07 - [WARN] Fluxo suspeito na porta 17500
2016.04.02-17:39:14.58 - [ERROR] Protocolo desconhecido @ find_port()

2016.04.02-17:39:14.58 - [ERROR] Protocolo desconhecido @ insert_port_in_hash()

2016.04.02-17:39:14.58 - [ERROR] Protocolo desconhecido @ find_port()

2016.04.02-17:39:14.58 - [ERROR] Protocolo desconhecido @ insert_port_in_hash()

2016.04.02-17:39:14.58 - [ERROR] Protocolo desconhecido @ find_port()

2016.04.02-17:39:14.58 - [ERROR] Protocolo desconhecido @ insert_port_in_hash()

2016.04.02-17:39:14.58 - [ERROR] Protocolo desconhecido @ find_port()

2016.04.02-17:39:14.58 - [ERROR] Protocolo desconhecido @ insert_port_in_hash()

2016.04.02-17:39:14.58 - [ERROR] Protocolo desconhecido @ find_port()

2016.04.02-17:39:14.58 - [ERROR] Protocolo desconhecido @ insert_port_in_hash()

2016.04.02-17:39:14.58 - [ERROR] Protocolo desconhecido @ find_port()

2016.04.02-17:39:14.58 - [ERROR] Protocolo desconhecido @ insert_port_in_hash()

2016.04.02-17:39:14.58 - [ERROR] Protocolo desconhecido @ find_port()

2016.04.02-17:39:14.58 - [ERROR] Protocolo desconhecido @ insert_port_in_hash()

2016.04.02-17:39:14.58 - [ERROR] Protocolo desconhecido @ find_port()

2016.04.02-17:39:14.58 - [ERROR] Protocolo desconhecido @ insert_port_in_hash()

2016.04.02-17:39:14.58 - [ERROR] Protocolo desconhecido @ find_port()

2016.04.02-17:39:14.58 - [ERROR] Protocolo desconhecido @ insert_port_in_hash()

2016.04.02-17:39:14.58 - [ERROR] Protocolo desconhecido @ find_port()

2016.04.02-17:39:14.58 - [ERROR] Protocolo desconhecido @ insert_port_in_hash()

2016.04.02-17:39:19.07 - [WARN] Fluxo suspeito na porta 5355
2016.04.02-17:39:29.08 - [WARN] Fluxo suspeito na porta 67
2016.04.02-17:39:39.08 - [WARN] Fluxo suspeito na porta 17500
2016.04.02-17:39:44.58 - [ERROR] Protocolo desconhecido @ find_port()

2016.04.02-17:39:44.58 - [ERROR] Protocolo desconhecido @ insert_port_in_hash()

2016.04.02-17:39:44.58 - [ERROR] Protocolo desconhecido @ find_port()

2016.04.02-17:39:44.58 - [ERROR] Protocolo desconhecido @ insert_port_in_hash()

2016.04.02-17:39:44.58 - [ERROR] Protocolo desconhecido @ find_port()

2016.04.02-17:39:44.58 - [ERROR] Protocolo desconhecido @ insert_port_in_hash()

2016.04.02-17:39:44.58 - [ERROR] Protocolo desconhecido @ find_port()

2016.04.02-17:39:44.58 - [ERROR] Protocolo desconhecido @ insert_port_in_hash()

2016.04.02-17:39:44.58 - [ERROR] Protocolo desconhecido @ find_port()

2016.04.02-17:39:44.58 - [ERROR] Protocolo desconhecido @ insert_port_in_hash()

2016.04.02-17:39:44.58 - [ERROR] Protocolo desconhecido @ find_port()

2016.04.02-17:39:44.58 - [ERROR] Protocolo desconhecido @ insert_port_in_hash()

2016.04.02-17:39:44.58 - [ERROR] Protocolo desconhecido @ find_port()

2016.04.02-17:39:44.58 - [ERROR] Protocolo desconhecido @ insert_port_in_hash()

2016.04.02-17:39:44.58 - [ERROR] Protocolo desconhecido @ find_port()

2016.04.02-17:39:44.59 - [ERROR] Protocolo desconhecido @ insert_port_in_hash()

2016.04.02-17:39:44.59 - [ERROR] Protocolo desconhecido @ find_port()

2016.04.02-17:39:44.59 - [ERROR] Protocolo desconhecido @ insert_port_in_hash()

2016.04.02-17:39:49.08 - [WARN] Fluxo suspeito na porta 5355
2016.04.02-17:39:59.08 - [WARN] Fluxo suspeito na porta 67
2016.04.02-17:40:09.08 - [WARN] Fluxo suspeito na porta 1900
2016.04.02-17:40:09.08 - [WARN] Fluxo suspeito na porta 17500
2016.04.02-17:40:13.58 - [ERROR] Protocolo desconhecido @ find_port()

2016.04.02-17:40:13.58 - [ERROR] Protocolo desconhecido @ insert_port_in_hash()

2016.04.02-17:40:13.58 - [ERROR] Protocolo desconhecido @ find_port()

2016.04.02-17:40:13.58 - [ERROR] Protocolo desconhecido @ insert_port_in_hash()

2016.04.02-17:40:13.58 - [ERROR] Protocolo desconhecido @ find_port()

2016.04.02-17:40:13.58 - [ERROR] Protocolo desconhecido @ insert_port_in_hash()

2016.04.02-17:40:29.08 - [WARN] Fluxo suspeito na porta 67
2016.04.02-17:40:39.08 - [WARN] Fluxo suspeito na porta 17500
2016.04.02-17:40:43.58 - [ERROR] Protocolo desconhecido @ find_port()

2016.04.02-17:40:43.58 - [ERROR] Protocolo desconhecido @ insert_port_in_hash()

2016.04.02-17:40:43.58 - [ERROR] Protocolo desconhecido @ find_port()

2016.04.02-17:40:43.58 - [ERROR] Protocolo desconhecido @ insert_port_in_hash()

2016.04.02-17:40:43.58 - [ERROR] Protocolo desconhecido @ find_port()

2016.04.02-17:40:43.58 - [ERROR] Protocolo desconhecido @ insert_port_in_hash()

2016.04.02-17:40:43.58 - [ERROR] Protocolo desconhecido @ find_port()

2016.04.02-17:40:43.58 - [ERROR] Protocolo desconhecido @ insert_port_in_hash()

2016.04.02-17:40:43.58 - [ERROR] Protocolo desconhecido @ find_port()

2016.04.02-17:40:43.58 - [ERROR] Protocolo desconhecido @ insert_port_in_hash()

2016.04.02-17:40:43.58 - [ERROR] Protocolo desconhecido @ find_port()

2016.04.02-17:40:43.58 - [ERROR] Protocolo desconhecido @ insert_port_in_hash()

2016.04.02-17:40:43.58 - [ERROR] Protocolo desconhecido @ find_port()

2016.04.02-17:40:43.58 - [ERROR] Protocolo desconhecido @ insert_port_in_hash()

2016.04.02-17:40:43.58 - [ERROR] Protocolo desconhecido @ find_port()

2016.04.02-17:40:43.58 - [ERROR] Protocolo desconhecido @ insert_port_in_hash()

2016.04.02-17:40:43.58 - [ERROR] Protocolo desconhecido @ find_port()

2016.04.02-17:40:43.58 - [ERROR] Protocolo desconhecido @ insert_port_in_hash()

2016.04.02-17:40:43.58 - [ERROR] Protocolo desconhecido @ find_port()

2016.04.02-17:40:43.58 - [ERROR] Protocolo desconhecido @ insert_port_in_hash()

2016.04.02-17:40:49.08 - [WARN] Fluxo suspeito na porta 5355
2016.04.02-17:40:49.08 - [WARN] Fluxo suspeito na porta 67
2016.04.02-17:41:09.08 - [WARN] Fluxo suspeito na porta 138
2016.04.02-17:41:09.08 - [WARN] Fluxo suspeito na porta 17500
2016.04.02-17:41:13.58 - [ERROR] Protocolo desconhecido @ find_port()

2016.04.02-17:41:13.58 - [ERROR] Protocolo desconhecido @ insert_port_in_hash()

2016.04.02-17:41:13.58 - [ERROR] Protocolo desconhecido @ find_port()

2016.04.02-17:41:13.58 - [ERROR] Protocolo desconhecido @ insert_port_in_hash()

2016.04.02-17:41:13.58 - [ERROR] Protocolo desconhecido @ find_port()

2016.04.02-17:41:13.58 - [ERROR] Protocolo desconhecido @ insert_port_in_hash()

2016.04.02-17:41:13.58 - [ERROR] Protocolo desconhecido @ find_port()

2016.04.02-17:41:13.58 - [ERROR] Protocolo desconhecido @ insert_port_in_hash()

2016.04.02-17:41:13.58 - [ERROR] Protocolo desconhecido @ find_port()

2016.04.02-17:41:13.58 - [ERROR] Protocolo desconhecido @ insert_port_in_hash()

2016.04.02-17:41:13.58 - [ERROR] Protocolo desconhecido @ find_port()

2016.04.02-17:41:13.58 - [ERROR] Protocolo desconhecido @ insert_port_in_hash()

2016.04.02-17:41:13.58 - [ERROR] Protocolo desconhecido @ find_port()

2016.04.02-17:41:13.58 - [ERROR] Protocolo desconhecido @ insert_port_in_hash()

2016.04.02-17:41:13.58 - [ERROR] Protocolo desconhecido @ find_port()

2016.04.02-17:41:13.58 - [ERROR] Protocolo desconhecido @ insert_port_in_hash()

2016.04.02-17:41:13.58 - [ERROR] Protocolo desconhecido @ find_port()

2016.04.02-17:41:13.58 - [ERROR] Protocolo desconhecido @ insert_port_in_hash()

2016.04.02-17:41:13.58 - [ERROR] Protocolo desconhecido @ find_port()

2016.04.02-17:41:13.58 - [ERROR] Protocolo desconhecido @ insert_port_in_hash()

2016.04.02-17:41:19.08 - [WARN] Fluxo suspeito na porta 5355
2016.04.02-17:41:19.08 - [WARN] Fluxo suspeito na porta 67
2016.04.02-17:41:19.08 - [WARN] Fluxo suspeito na porta 1900
2016.04.02-17:41:29.08 - [WARN] Fluxo suspeito na porta 5353
2016.04.02-17:41:39.08 - [WARN] Fluxo suspeito na porta 17500
2016.04.02-17:41:43.58 - [ERROR] Protocolo desconhecido @ find_port()

2016.04.02-17:41:43.58 - [ERROR] Protocolo desconhecido @ insert_port_in_hash()

2016.04.02-17:41:43.58 - [ERROR] Protocolo desconhecido @ find_port()

2016.04.02-17:41:43.58 - [ERROR] Protocolo desconhecido @ insert_port_in_hash()

2016.04.02-17:41:43.58 - [ERROR] Protocolo desconhecido @ find_port()

2016.04.02-17:41:43.58 - [ERROR] Protocolo desconhecido @ insert_port_in_hash()

2016.04.02-17:41:43.58 - [ERROR] Protocolo desconhecido @ find_port()

2016.04.02-17:41:43.58 - [ERROR] Protocolo desconhecido @ insert_port_in_hash()

2016.04.02-17:41:43.58 - [ERROR] Protocolo desconhecido @ find_port()

2016.04.02-17:41:43.58 - [ERROR] Protocolo desconhecido @ insert_port_in_hash()

2016.04.02-17:41:43.58 - [ERROR] Protocolo desconhecido @ find_port()

2016.04.02-17:41:43.58 - [ERROR] Protocolo desconhecido @ insert_port_in_hash()

2016.04.02-17:41:43.58 - [ERROR] Protocolo desconhecido @ find_port()

2016.04.02-17:41:43.58 - [ERROR] Protocolo desconhecido @ insert_port_in_hash()

2016.04.02-17:41:43.58 - [ERROR] Protocolo desconhecido @ find_port()

2016.04.02-17:41:43.58 - [ERROR] Protocolo desconhecido @ insert_port_in_hash()

2016.04.02-17:41:43.58 - [ERROR] Protocolo desconhecido @ find_port()

2016.04.02-17:41:43.58 - [ERROR] Protocolo desconhecido @ insert_port_in_hash()

2016.04.02-17:41:43.58 - [ERROR] Protocolo desconhecido @ find_port()

2016.04.02-17:41:43.58 - [ERROR] Protocolo desconhecido @ insert_port_in_hash()

2016.04.02-17:41:49.08 - [WARN] Fluxo suspeito na porta 5355
2016.04.02-17:41:49.08 - [WARN] Fluxo suspeito na porta 67
2016.04.02-17:42:09.08 - [ERROR] Protocolo desconhecido @ find_port()

2016.04.02-17:42:09.08 - [ERROR] Protocolo desconhecido @ insert_port_in_hash()

2016.04.02-17:42:09.08 - [ERROR] Protocolo desconhecido @ find_port()

2016.04.02-17:42:09.08 - [ERROR] Protocolo desconhecido @ insert_port_in_hash()

2016.04.02-17:42:10.58 - [ERROR] Protocolo desconhecido @ find_port()

2016.04.02-17:42:10.58 - [ERROR] Protocolo desconhecido @ insert_port_in_hash()

2016.04.02-17:42:11.58 - [ERROR] Protocolo desconhecido @ find_port()

2016.04.02-17:42:11.58 - [ERROR] Protocolo desconhecido @ insert_port_in_hash()

2016.04.02-17:42:11.58 - [ERROR] Protocolo desconhecido @ find_port()

2016.04.02-17:42:11.58 - [ERROR] Protocolo desconhecido @ insert_port_in_hash()

2016.04.02-17:42:11.58 - [ERROR] Protocolo desconhecido @ find_port()

2016.04.02-17:42:11.58 - [ERROR] Protocolo desconhecido @ insert_port_in_hash()

2016.04.02-17:42:11.58 - [ERROR] Protocolo desconhecido @ find_port()

2016.04.02-17:42:11.58 - [ERROR] Protocolo desconhecido @ insert_port_in_hash()

2016.04.02-17:42:11.58 - [ERROR] Protocolo desconhecido @ find_port()

2016.04.02-17:42:11.58 - [ERROR] Protocolo desconhecido @ insert_port_in_hash()

2016.04.02-17:42:11.08 - [ERROR] Protocolo desconhecido @ find_port()

2016.04.02-17:42:11.08 - [ERROR] Protocolo desconhecido @ insert_port_in_hash()

2016.04.02-17:42:12.58 - [ERROR] Protocolo desconhecido @ find_port()

2016.04.02-17:42:12.58 - [ERROR] Protocolo desconhecido @ insert_port_in_hash()

2016.04.02-17:42:14.08 - [ERROR] Protocolo desconhecido @ find_port()

2016.04.02-17:42:14.08 - [ERROR] Protocolo desconhecido @ insert_port_in_hash()

2016.04.02-17:42:15.58 - [ERROR] Protocolo desconhecido @ find_port()

2016.04.02-17:42:15.58 - [ERROR] Protocolo desconhecido @ insert_port_in_hash()

2016.04.02-17:42:15.08 - [ERROR] Protocolo desconhecido @ find_port()

2016.04.02-17:42:15.08 - [ERROR] Protocolo desconhecido @ insert_port_in_hash()

2016.04.02-17:42:17.08 - [ERROR] Protocolo desconhecido @ find_port()

2016.04.02-17:42:17.08 - [ERROR] Protocolo desconhecido @ insert_port_in_hash()

2016.04.02-17:42:17.08 - [ERROR] Protocolo desconhecido @ find_port()

2016.04.02-17:42:17.08 - [ERROR] Protocolo desconhecido @ insert_port_in_hash()

2016.04.02-17:42:19.58 - [ERROR] Protocolo desconhecido @ find_port()

2016.04.02-17:42:19.58 - [ERROR] Protocolo desconhecido @ insert_port_in_hash()

2016.04.02-17:42:19.08 - [WARN] Fluxo suspeito na porta 5353
2016.04.02-17:42:19.08 - [WARN] Fluxo suspeito na porta 68
2016.04.02-17:42:19.08 - [ERROR] Protocolo desconhecido @ find_port()

2016.04.02-17:42:19.08 - [ERROR] Protocolo desconhecido @ insert_port_in_hash()

2016.04.02-17:42:19.08 - [ERROR] Protocolo desconhecido @ find_port()

2016.04.02-17:42:19.08 - [ERROR] Protocolo desconhecido @ insert_port_in_hash()

2016.04.02-17:42:20.58 - [ERROR] Protocolo desconhecido @ find_port()

2016.04.02-17:42:20.58 - [ERROR] Protocolo desconhecido @ insert_port_in_hash()

2016.04.02-17:42:20.08 - [ERROR] Protocolo desconhecido @ find_port()

2016.04.02-17:42:20.08 - [ERROR] Protocolo desconhecido @ insert_port_in_hash()

2016.04.02-17:42:21.58 - [ERROR] Protocolo desconhecido @ find_port()

2016.04.02-17:42:21.58 - [ERROR] Protocolo desconhecido @ insert_port_in_hash()

2016.04.02-17:42:21.08 - [ERROR] Protocolo desconhecido @ find_port()

2016.04.02-17:42:21.08 - [ERROR] Protocolo desconhecido @ insert_port_in_hash()

2016.04.02-17:42:25.08 - [ERROR] Protocolo desconhecido @ find_port()

2016.04.02-17:42:25.08 - [ERROR] Protocolo desconhecido @ insert_port_in_hash()

2016.04.02-17:42:27.58 - [ERROR] Protocolo desconhecido @ find_port()

2016.04.02-17:42:27.58 - [ERROR] Protocolo desconhecido @ insert_port_in_hash()

2016.04.02-17:42:27.58 - [ERROR] Protocolo desconhecido @ find_port()

2016.04.02-17:42:27.58 - [ERROR] Protocolo desconhecido @ insert_port_in_hash()

2016.04.02-17:42:29.08 - [WARN] Fluxo suspeito na porta 68
2016.04.02-17:42:29.08 - [WARN] Fluxo suspeito na porta 5353
2016.04.02-17:42:29.08 - [WARN] Fluxo suspeito na porta 67
2016.04.02-17:42:34.08 - [ERROR] Protocolo desconhecido @ find_port()

2016.04.02-17:42:34.08 - [ERROR] Protocolo desconhecido @ insert_port_in_hash()

2016.04.02-17:42:37.08 - [ERROR] Protocolo desconhecido @ find_port()

2016.04.02-17:42:37.08 - [ERROR] Protocolo desconhecido @ insert_port_in_hash()

2016.04.02-17:42:39.08 - [WARN] Fluxo suspeito na porta 68
2016.04.02-17:42:39.08 - [[31mATK[0m] Ataque na porta 68
2016.04.02-17:42:39.08 - [INFO] Number of iterations: 1, size of upper ips 1
2016.04.02-17:42:39.08 - 	[TOPSND] 1 -  Top Sender IP 255.255.255.255 (upper_ip: 65535) with packets: 1
2016.04.02-17:42:39.08 - [WARN] Fluxo suspeito na porta 5353
2016.04.02-17:42:39.08 - [[31mATK[0m] Ataque na porta 5353
2016.04.02-17:42:39.08 - [INFO] Number of iterations: 2, size of upper ips 2
2016.04.02-17:42:39.08 - 	[TOPSND] 1 -  Top Sender IP 224.0.0.251 (upper_ip: 57344) with packets: 11
2016.04.02-17:42:39.08 - 	[TOPSND] 2 -  Top Sender IP ff02::fb (upper_ip: 0) with packets: 10
2016.04.02-17:42:39.08 - [WARN] Fluxo suspeito na porta 67
2016.04.02-17:42:40.08 - [ERROR] Protocolo desconhecido @ find_port()

2016.04.02-17:42:40.08 - [ERROR] Protocolo desconhecido @ insert_port_in_hash()

2016.04.02-17:42:40.08 - [ERROR] Protocolo desconhecido @ find_port()

2016.04.02-17:42:40.08 - [ERROR] Protocolo desconhecido @ insert_port_in_hash()

2016.04.02-17:42:41.08 - [ERROR] Protocolo desconhecido @ find_port()

2016.04.02-17:42:41.08 - [ERROR] Protocolo desconhecido @ insert_port_in_hash()

2016.04.02-17:42:42.08 - [ERROR] Protocolo desconhecido @ find_port()

2016.04.02-17:42:42.08 - [ERROR] Protocolo desconhecido @ insert_port_in_hash()

2016.04.02-17:42:43.08 - [ERROR] Protocolo desconhecido @ find_port()

2016.04.02-17:42:43.08 - [ERROR] Protocolo desconhecido @ insert_port_in_hash()

2016.04.02-17:42:44.08 - [ERROR] Protocolo desconhecido @ find_port()

2016.04.02-17:42:44.08 - [ERROR] Protocolo desconhecido @ insert_port_in_hash()

2016.04.02-17:42:45.08 - [ERROR] Protocolo desconhecido @ find_port()

2016.04.02-17:42:45.08 - [ERROR] Protocolo desconhecido @ insert_port_in_hash()

2016.04.02-17:42:45.08 - [ERROR] Protocolo desconhecido @ find_port()

2016.04.02-17:42:45.08 - [ERROR] Protocolo desconhecido @ insert_port_in_hash()

2016.04.02-17:42:45.08 - [ERROR] Protocolo desconhecido @ find_port()

2016.04.02-17:42:45.08 - [ERROR] Protocolo desconhecido @ insert_port_in_hash()

2016.04.02-17:42:46.08 - [ERROR] Protocolo desconhecido @ find_port()

2016.04.02-17:42:46.08 - [ERROR] Protocolo desconhecido @ insert_port_in_hash()

2016.04.02-17:42:47.08 - [ERROR] Protocolo desconhecido @ find_port()

2016.04.02-17:42:47.08 - [ERROR] Protocolo desconhecido @ insert_port_in_hash()

2016.04.02-17:42:48.58 - [ERROR] Protocolo desconhecido @ find_port()

2016.04.02-17:42:48.58 - [ERROR] Protocolo desconhecido @ insert_port_in_hash()

2016.04.02-17:42:48.08 - [ERROR] Protocolo desconhecido @ find_port()

2016.04.02-17:42:48.08 - [ERROR] Protocolo desconhecido @ insert_port_in_hash()

2016.04.02-17:42:48.08 - [ERROR] Protocolo desconhecido @ find_port()

2016.04.02-17:42:48.08 - [ERROR] Protocolo desconhecido @ insert_port_in_hash()

2016.04.02-17:42:49.08 - [WARN] Fluxo suspeito na porta 68
2016.04.02-17:42:49.08 - [[31mATK[0m] Ataque na porta 68
2016.04.02-17:42:49.08 - [INFO] Number of iterations: 1, size of upper ips 1
2016.04.02-17:42:49.08 - 	[TOPSND] 1 -  Top Sender IP 255.255.255.255 (upper_ip: 65535) with packets: 6
2016.04.02-17:42:49.08 - [WARN] Fluxo suspeito na porta 5353
2016.04.02-17:42:49.08 - [[31mATK[0m] Ataque na porta 5353
2016.04.02-17:42:49.08 - [INFO] Number of iterations: 2, size of upper ips 2
2016.04.02-17:42:49.08 - 	[TOPSND] 1 -  Top Sender IP 224.0.0.251 (upper_ip: 57344) with packets: 3
2016.04.02-17:42:49.08 - 	[TOPSND] 2 -  Top Sender IP ff02::fb (upper_ip: 0) with packets: 3
2016.04.02-17:42:49.08 - [WARN] Fluxo suspeito na porta 67
2016.04.02-17:42:49.08 - [[31mATK[0m] Ataque na porta 67
2016.04.02-17:42:49.08 - [INFO] Number of iterations: 1, size of upper ips 1
2016.04.02-17:42:49.08 - 	[TOPSND] 1 -  Top Sender IP 255.255.255.255 (upper_ip: 65535) with packets: 1
2016.04.02-17:42:49.08 - [ERROR] Protocolo desconhecido @ find_port()

2016.04.02-17:42:49.08 - [ERROR] Protocolo desconhecido @ insert_port_in_hash()

2016.04.02-17:42:50.08 - [ERROR] Protocolo desconhecido @ find_port()

2016.04.02-17:42:50.08 - [ERROR] Protocolo desconhecido @ insert_port_in_hash()

2016.04.02-17:42:59.08 - [WARN] Fluxo suspeito na porta 68
2016.04.02-17:42:59.08 - [[31mATK[0m] Ataque na porta 68
2016.04.02-17:42:59.08 - [INFO] Number of iterations: 1, size of upper ips 1
2016.04.02-17:42:59.08 - 	[TOPSND] 1 -  Top Sender IP 255.255.255.255 (upper_ip: 65535) with packets: 2
2016.04.02-17:42:59.08 - [WARN] Fluxo suspeito na porta 5353
2016.04.02-17:42:59.08 - [[31mATK[0m] Ataque na porta 5353
2016.04.02-17:42:59.08 - [INFO] Number of iterations: 1, size of upper ips 1
2016.04.02-17:42:59.08 - 	[TOPSND] 1 -  Top Sender IP 224.0.0.251 (upper_ip: 57344) with packets: 1
2016.04.02-17:42:59.08 - [WARN] Fluxo suspeito na porta 67
2016.04.02-17:42:59.08 - [[31mATK[0m] Ataque na porta 67
2016.04.02-17:42:59.08 - [INFO] Number of iterations: 2, size of upper ips 2
2016.04.02-17:42:59.08 - 	[TOPSND] 1 -  Top Sender IP 255.255.255.255 (upper_ip: 65535) with packets: 2
2016.04.02-17:42:59.08 - 	[TOPSND] 2 -  Top Sender IP 192.168.0.113 (upper_ip: 49320) with packets: 2
2016.04.02-17:43:03.08 - [ERROR] Protocolo desconhecido @ find_port()

2016.04.02-17:43:03.08 - [ERROR] Protocolo desconhecido @ insert_port_in_hash()

2016.04.02-17:43:03.08 - [ERROR] Protocolo desconhecido @ find_port()

2016.04.02-17:43:03.08 - [ERROR] Protocolo desconhecido @ insert_port_in_hash()

2016.04.02-17:43:03.08 - [ERROR] Protocolo desconhecido @ find_port()

2016.04.02-17:43:03.08 - [ERROR] Protocolo desconhecido @ insert_port_in_hash()

2016.04.02-17:43:03.08 - [ERROR] Protocolo desconhecido @ find_port()

2016.04.02-17:43:03.08 - [ERROR] Protocolo desconhecido @ insert_port_in_hash()

2016.04.02-17:43:03.08 - [ERROR] Protocolo desconhecido @ find_port()

2016.04.02-17:43:03.08 - [ERROR] Protocolo desconhecido @ insert_port_in_hash()

2016.04.02-17:43:03.08 - [ERROR] Protocolo desconhecido @ find_port()

2016.04.02-17:43:03.08 - [ERROR] Protocolo desconhecido @ insert_port_in_hash()

2016.04.02-17:43:03.08 - [ERROR] Protocolo desconhecido @ find_port()

2016.04.02-17:43:03.08 - [ERROR] Protocolo desconhecido @ insert_port_in_hash()

2016.04.02-17:43:03.08 - [ERROR] Protocolo desconhecido @ find_port()

2016.04.02-17:43:03.08 - [ERROR] Protocolo desconhecido @ insert_port_in_hash()

2016.04.02-17:43:03.08 - [ERROR] Protocolo desconhecido @ find_port()

2016.04.02-17:43:03.08 - [ERROR] Protocolo desconhecido @ insert_port_in_hash()

2016.04.02-17:43:04.58 - [ERROR] Protocolo desconhecido @ find_port()

2016.04.02-17:43:04.58 - [ERROR] Protocolo desconhecido @ insert_port_in_hash()

2016.04.02-17:43:04.58 - [ERROR] Protocolo desconhecido @ find_port()

2016.04.02-17:43:04.58 - [ERROR] Protocolo desconhecido @ insert_port_in_hash()

2016.04.02-17:43:04.08 - [ERROR] Protocolo desconhecido @ find_port()

2016.04.02-17:43:04.08 - [ERROR] Protocolo desconhecido @ insert_port_in_hash()

2016.04.02-17:43:04.08 - [ERROR] Protocolo desconhecido @ find_port()

2016.04.02-17:43:04.08 - [ERROR] Protocolo desconhecido @ insert_port_in_hash()

2016.04.02-17:43:04.08 - [ERROR] Protocolo desconhecido @ find_port()

2016.04.02-17:43:04.08 - [ERROR] Protocolo desconhecido @ insert_port_in_hash()

2016.04.02-17:43:04.08 - [ERROR] Protocolo desconhecido @ find_port()

2016.04.02-17:43:04.08 - [ERROR] Protocolo desconhecido @ insert_port_in_hash()

2016.04.02-17:43:04.08 - [ERROR] Protocolo desconhecido @ find_port()

2016.04.02-17:43:04.08 - [ERROR] Protocolo desconhecido @ insert_port_in_hash()

2016.04.02-17:43:04.08 - [ERROR] Protocolo desconhecido @ find_port()

2016.04.02-17:43:04.08 - [ERROR] Protocolo desconhecido @ insert_port_in_hash()

2016.04.02-17:43:04.08 - [ERROR] Protocolo desconhecido @ find_port()

2016.04.02-17:43:04.08 - [ERROR] Protocolo desconhecido @ insert_port_in_hash()

2016.04.02-17:43:04.08 - [ERROR] Protocolo desconhecido @ find_port()

2016.04.02-17:43:04.08 - [ERROR] Protocolo desconhecido @ insert_port_in_hash()

2016.04.02-17:43:04.08 - [ERROR] Protocolo desconhecido @ find_port()

2016.04.02-17:43:04.08 - [ERROR] Protocolo desconhecido @ insert_port_in_hash()

2016.04.02-17:43:04.08 - [ERROR] Protocolo desconhecido @ find_port()

2016.04.02-17:43:04.08 - [ERROR] Protocolo desconhecido @ insert_port_in_hash()

2016.04.02-17:43:04.08 - [ERROR] Protocolo desconhecido @ find_port()

2016.04.02-17:43:04.09 - [ERROR] Protocolo desconhecido @ insert_port_in_hash()

2016.04.02-17:43:05.58 - [ERROR] Protocolo desconhecido @ find_port()

2016.04.02-17:43:05.58 - [ERROR] Protocolo desconhecido @ insert_port_in_hash()

2016.04.02-17:43:05.58 - [ERROR] Protocolo desconhecido @ find_port()

2016.04.02-17:43:05.58 - [ERROR] Protocolo desconhecido @ insert_port_in_hash()

2016.04.02-17:43:05.08 - [ERROR] Protocolo desconhecido @ find_port()

2016.04.02-17:43:05.08 - [ERROR] Protocolo desconhecido @ insert_port_in_hash()

2016.04.02-17:43:05.08 - [ERROR] Protocolo desconhecido @ find_port()

2016.04.02-17:43:05.08 - [ERROR] Protocolo desconhecido @ insert_port_in_hash()

2016.04.02-17:43:05.08 - [ERROR] Protocolo desconhecido @ find_port()

2016.04.02-17:43:05.08 - [ERROR] Protocolo desconhecido @ insert_port_in_hash()

2016.04.02-17:43:05.08 - [ERROR] Protocolo desconhecido @ find_port()

2016.04.02-17:43:05.08 - [ERROR] Protocolo desconhecido @ insert_port_in_hash()

2016.04.02-17:43:05.08 - [ERROR] Protocolo desconhecido @ find_port()

2016.04.02-17:43:05.08 - [ERROR] Protocolo desconhecido @ insert_port_in_hash()

2016.04.02-17:43:05.08 - [ERROR] Protocolo desconhecido @ find_port()

2016.04.02-17:43:05.08 - [ERROR] Protocolo desconhecido @ insert_port_in_hash()

2016.04.02-17:43:07.08 - [ERROR] Protocolo desconhecido @ find_port()

2016.04.02-17:43:07.08 - [ERROR] Protocolo desconhecido @ insert_port_in_hash()

2016.04.02-17:43:08.08 - [ERROR] Protocolo desconhecido @ find_port()

2016.04.02-17:43:08.08 - [ERROR] Protocolo desconhecido @ insert_port_in_hash()

2016.04.02-17:43:08.08 - [ERROR] Protocolo desconhecido @ find_port()

2016.04.02-17:43:08.08 - [ERROR] Protocolo desconhecido @ insert_port_in_hash()

2016.04.02-17:43:09.08 - [ERROR] Protocolo desconhecido @ find_port()

2016.04.02-17:43:09.08 - [ERROR] Protocolo desconhecido @ insert_port_in_hash()

2016.04.02-17:43:09.08 - [ERROR] Protocolo desconhecido @ find_port()

2016.04.02-17:43:09.08 - [ERROR] Protocolo desconhecido @ insert_port_in_hash()

2016.04.02-17:43:09.08 - [WARN] Fluxo suspeito na porta 1900
2016.04.02-17:43:09.08 - [WARN] Fluxo suspeito na porta 67
2016.04.02-17:43:09.08 - [[31mATK[0m] Ataque na porta 67
2016.04.02-17:43:09.08 - [INFO] Number of iterations: 1, size of upper ips 1
2016.04.02-17:43:09.08 - 	[TOPSND] 1 -  Top Sender IP 255.255.255.255 (upper_ip: 65535) with packets: 2
2016.04.02-17:43:09.08 - [WARN] Fluxo suspeito na porta 547
2016.04.02-17:43:09.08 - [WARN] Fluxo suspeito na porta 68
2016.04.02-17:43:09.09 - [[31mATK[0m] Ataque na porta 68
2016.04.02-17:43:09.09 - [INFO] Number of iterations: 1, size of upper ips 1
2016.04.02-17:43:09.09 - 	[TOPSND] 1 -  Top Sender IP 255.255.255.255 (upper_ip: 65535) with packets: 2
2016.04.02-17:43:09.09 - [WARN] Fluxo suspeito na porta 5355
2016.04.02-17:43:09.09 - [WARN] Fluxo suspeito na porta 137
2016.04.02-17:43:09.09 - [WARN] Fluxo suspeito na porta 138
2016.04.02-17:43:09.09 - [WARN] Fluxo suspeito na porta 17500
2016.04.02-17:43:10.08 - [ERROR] Protocolo desconhecido @ find_port()

2016.04.02-17:43:10.08 - [ERROR] Protocolo desconhecido @ insert_port_in_hash()

2016.04.02-17:43:10.08 - [ERROR] Protocolo desconhecido @ find_port()

2016.04.02-17:43:10.08 - [ERROR] Protocolo desconhecido @ insert_port_in_hash()

2016.04.02-17:43:11.08 - [ERROR] Protocolo desconhecido @ find_port()

2016.04.02-17:43:11.08 - [ERROR] Protocolo desconhecido @ insert_port_in_hash()

2016.04.02-17:43:12.08 - [ERROR] Protocolo desconhecido @ find_port()

2016.04.02-17:43:12.08 - [ERROR] Protocolo desconhecido @ insert_port_in_hash()

2016.04.02-17:43:13.58 - [ERROR] Protocolo desconhecido @ find_port()

2016.04.02-17:43:13.58 - [ERROR] Protocolo desconhecido @ insert_port_in_hash()

2016.04.02-17:43:14.58 - [ERROR] Protocolo desconhecido @ find_port()

2016.04.02-17:43:14.58 - [ERROR] Protocolo desconhecido @ insert_port_in_hash()

2016.04.02-17:43:15.08 - [ERROR] Protocolo desconhecido @ find_port()

2016.04.02-17:43:15.08 - [ERROR] Protocolo desconhecido @ insert_port_in_hash()

2016.04.02-17:43:16.58 - [ERROR] Protocolo desconhecido @ find_port()

2016.04.02-17:43:16.58 - [ERROR] Protocolo desconhecido @ insert_port_in_hash()

2016.04.02-17:43:19.09 - [WARN] Fluxo suspeito na porta 547
2016.04.02-17:43:19.09 - [WARN] Fluxo suspeito na porta 5353
2016.04.02-17:43:19.09 - [WARN] Fluxo suspeito na porta 137
2016.04.02-17:43:19.09 - [WARN] Fluxo suspeito na porta 138
2016.04.02-17:43:20.09 - [ERROR] Protocolo desconhecido @ find_port()

2016.04.02-17:43:20.09 - [ERROR] Protocolo desconhecido @ insert_port_in_hash()

2016.04.02-17:43:20.09 - [ERROR] Protocolo desconhecido @ find_port()

2016.04.02-17:43:20.09 - [ERROR] Protocolo desconhecido @ insert_port_in_hash()

2016.04.02-17:43:21.59 - [ERROR] Protocolo desconhecido @ find_port()

2016.04.02-17:43:21.59 - [ERROR] Protocolo desconhecido @ insert_port_in_hash()

2016.04.02-17:43:21.59 - [ERROR] Protocolo desconhecido @ find_port()

2016.04.02-17:43:21.59 - [ERROR] Protocolo desconhecido @ insert_port_in_hash()

2016.04.02-17:43:21.09 - [ERROR] Protocolo desconhecido @ find_port()

2016.04.02-17:43:21.09 - [ERROR] Protocolo desconhecido @ insert_port_in_hash()

2016.04.02-17:43:22.59 - [ERROR] Protocolo desconhecido @ find_port()

2016.04.02-17:43:22.59 - [ERROR] Protocolo desconhecido @ insert_port_in_hash()

2016.04.02-17:43:22.59 - [ERROR] Protocolo desconhecido @ find_port()

2016.04.02-17:43:22.59 - [ERROR] Protocolo desconhecido @ insert_port_in_hash()

2016.04.02-17:43:22.59 - [ERROR] Protocolo desconhecido @ find_port()

2016.04.02-17:43:22.59 - [ERROR] Protocolo desconhecido @ insert_port_in_hash()

2016.04.02-17:43:23.59 - [ERROR] Protocolo desconhecido @ find_port()

2016.04.02-17:43:23.59 - [ERROR] Protocolo desconhecido @ insert_port_in_hash()

2016.04.02-17:43:23.09 - [ERROR] Protocolo desconhecido @ find_port()

2016.04.02-17:43:23.09 - [ERROR] Protocolo desconhecido @ insert_port_in_hash()

2016.04.02-17:43:23.09 - [ERROR] Protocolo desconhecido @ find_port()

2016.04.02-17:43:23.09 - [ERROR] Protocolo desconhecido @ insert_port_in_hash()

2016.04.02-17:43:24.59 - [ERROR] Protocolo desconhecido @ find_port()

2016.04.02-17:43:24.59 - [ERROR] Protocolo desconhecido @ insert_port_in_hash()

2016.04.02-17:43:24.59 - [ERROR] Protocolo desconhecido @ find_port()

2016.04.02-17:43:24.59 - [ERROR] Protocolo desconhecido @ insert_port_in_hash()

2016.04.02-17:43:25.59 - [ERROR] Protocolo desconhecido @ find_port()

2016.04.02-17:43:25.59 - [ERROR] Protocolo desconhecido @ insert_port_in_hash()

2016.04.02-17:43:25.59 - [ERROR] Protocolo desconhecido @ find_port()

2016.04.02-17:43:25.59 - [ERROR] Protocolo desconhecido @ insert_port_in_hash()

2016.04.02-17:43:29.09 - [WARN] Fluxo suspeito na porta 67
2016.04.02-17:43:29.09 - [WARN] Fluxo suspeito na porta 5355
2016.04.02-17:43:29.09 - [WARN] Fluxo suspeito na porta 137
2016.04.02-17:43:29.09 - [[31mATK[0m] Ataque na porta 137
2016.04.02-17:43:29.09 - [INFO] Number of iterations: 1, size of upper ips 1
2016.04.02-17:43:29.09 - 	[TOPSND] 1 -  Top Sender IP 192.168.0.255 (upper_ip: 49320) with packets: 9
2016.04.02-17:43:29.09 - [WARN] Fluxo suspeito na porta 138
2016.04.02-17:43:29.09 - [[31mATK[0m] Ataque na porta 138
2016.04.02-17:43:29.09 - [INFO] Number of iterations: 1, size of upper ips 1
2016.04.02-17:43:29.09 - 	[TOPSND] 1 -  Top Sender IP 192.168.0.255 (upper_ip: 49320) with packets: 4
2016.04.02-17:43:29.09 - [ERROR] Protocolo desconhecido @ find_port()

2016.04.02-17:43:29.09 - [ERROR] Protocolo desconhecido @ insert_port_in_hash()

2016.04.02-17:43:29.09 - [ERROR] Protocolo desconhecido @ find_port()

2016.04.02-17:43:29.09 - [ERROR] Protocolo desconhecido @ insert_port_in_hash()

2016.04.02-17:43:30.59 - [ERROR] Protocolo desconhecido @ find_port()

2016.04.02-17:43:30.59 - [ERROR] Protocolo desconhecido @ insert_port_in_hash()

2016.04.02-17:43:30.59 - [ERROR] Protocolo desconhecido @ find_port()

2016.04.02-17:43:30.59 - [ERROR] Protocolo desconhecido @ insert_port_in_hash()

2016.04.02-17:43:31.59 - [ERROR] Protocolo desconhecido @ find_port()

2016.04.02-17:43:31.59 - [ERROR] Protocolo desconhecido @ insert_port_in_hash()

2016.04.02-17:43:31.59 - [ERROR] Protocolo desconhecido @ find_port()

2016.04.02-17:43:31.59 - [ERROR] Protocolo desconhecido @ insert_port_in_hash()

2016.04.02-17:43:33.59 - [ERROR] Protocolo desconhecido @ find_port()

2016.04.02-17:43:33.59 - [ERROR] Protocolo desconhecido @ insert_port_in_hash()

2016.04.02-17:43:33.59 - [ERROR] Protocolo desconhecido @ find_port()

2016.04.02-17:43:33.59 - [ERROR] Protocolo desconhecido @ insert_port_in_hash()

2016.04.02-17:43:33.59 - [ERROR] Protocolo desconhecido @ find_port()

2016.04.02-17:43:33.59 - [ERROR] Protocolo desconhecido @ insert_port_in_hash()

2016.04.02-17:43:33.59 - [ERROR] Protocolo desconhecido @ find_port()

2016.04.02-17:43:33.59 - [ERROR] Protocolo desconhecido @ insert_port_in_hash()

2016.04.02-17:43:33.59 - [ERROR] Protocolo desconhecido @ find_port()

2016.04.02-17:43:33.59 - [ERROR] Protocolo desconhecido @ insert_port_in_hash()

2016.04.02-17:43:33.59 - [ERROR] Protocolo desconhecido @ find_port()

2016.04.02-17:43:33.59 - [ERROR] Protocolo desconhecido @ insert_port_in_hash()

2016.04.02-17:43:33.59 - [ERROR] Protocolo desconhecido @ find_port()

2016.04.02-17:43:33.59 - [ERROR] Protocolo desconhecido @ insert_port_in_hash()

2016.04.02-17:43:33.59 - [ERROR] Protocolo desconhecido @ find_port()

2016.04.02-17:43:33.59 - [ERROR] Protocolo desconhecido @ insert_port_in_hash()

2016.04.02-17:43:33.09 - [ERROR] Protocolo desconhecido @ find_port()

2016.04.02-17:43:33.09 - [ERROR] Protocolo desconhecido @ insert_port_in_hash()

2016.04.02-17:43:33.09 - [ERROR] Protocolo desconhecido @ find_port()

2016.04.02-17:43:33.09 - [ERROR] Protocolo desconhecido @ insert_port_in_hash()

2016.04.02-17:43:39.09 - [WARN] Fluxo suspeito na porta 547
2016.04.02-17:43:39.09 - [WARN] Fluxo suspeito na porta 5353
2016.04.02-17:43:39.09 - [WARN] Fluxo suspeito na porta 5355
2016.04.02-17:43:39.09 - [WARN] Fluxo suspeito na porta 137
2016.04.02-17:43:39.09 - [[31mATK[0m] Ataque na porta 137
2016.04.02-17:43:39.09 - [INFO] Number of iterations: 1, size of upper ips 1
2016.04.02-17:43:39.09 - 	[TOPSND] 1 -  Top Sender IP 192.168.0.255 (upper_ip: 49320) with packets: 3
2016.04.02-17:43:39.09 - [WARN] Fluxo suspeito na porta 138
2016.04.02-17:43:39.09 - [[31mATK[0m] Ataque na porta 138
2016.04.02-17:43:39.09 - [INFO] Number of iterations: 1, size of upper ips 1
2016.04.02-17:43:39.09 - 	[TOPSND] 1 -  Top Sender IP 192.168.0.255 (upper_ip: 49320) with packets: 3
2016.04.02-17:43:39.09 - [WARN] Fluxo suspeito na porta 17500
2016.04.02-17:43:49.09 - [WARN] Fluxo suspeito na porta 1900
2016.04.02-17:43:49.09 - [WARN] Fluxo suspeito na porta 6771
2016.04.02-17:43:49.09 - [WARN] Fluxo suspeito na porta 137
2016.04.02-17:43:49.09 - [[31mATK[0m] Ataque na porta 137
2016.04.02-17:43:49.09 - [INFO] Number of iterations: 1, size of upper ips 1
2016.04.02-17:43:49.09 - 	[TOPSND] 1 -  Top Sender IP 192.168.0.255 (upper_ip: 49320) with packets: 1
2016.04.02-17:43:49.09 - [WARN] Fluxo suspeito na porta 138
2016.04.02-17:43:49.09 - [[31mATK[0m] Ataque na porta 138
2016.04.02-17:43:49.09 - [INFO] Number of iterations: 1, size of upper ips 1
2016.04.02-17:43:49.09 - 	[TOPSND] 1 -  Top Sender IP 192.168.0.255 (upper_ip: 49320) with packets: 3
2016.04.02-17:43:59.09 - [WARN] Fluxo suspeito na porta 67
2016.04.02-17:43:59.09 - [WARN] Fluxo suspeito na porta 138
2016.04.02-17:43:59.09 - [[31mATK[0m] Ataque na porta 138
2016.04.02-17:43:59.09 - [INFO] Number of iterations: 1, size of upper ips 1
2016.04.02-17:43:59.09 - 	[TOPSND] 1 -  Top Sender IP 192.168.0.255 (upper_ip: 49320) with packets: 1
2016.04.02-17:44:03.59 - [ERROR] Protocolo desconhecido @ find_port()

2016.04.02-17:44:03.59 - [ERROR] Protocolo desconhecido @ insert_port_in_hash()

2016.04.02-17:44:03.59 - [ERROR] Protocolo desconhecido @ find_port()

2016.04.02-17:44:03.59 - [ERROR] Protocolo desconhecido @ insert_port_in_hash()

2016.04.02-17:44:03.59 - [ERROR] Protocolo desconhecido @ find_port()

2016.04.02-17:44:03.59 - [ERROR] Protocolo desconhecido @ insert_port_in_hash()

2016.04.02-17:44:03.59 - [ERROR] Protocolo desconhecido @ find_port()

2016.04.02-17:44:03.59 - [ERROR] Protocolo desconhecido @ insert_port_in_hash()

2016.04.02-17:44:03.09 - [ERROR] Protocolo desconhecido @ find_port()

2016.04.02-17:44:03.09 - [ERROR] Protocolo desconhecido @ insert_port_in_hash()

2016.04.02-17:44:03.09 - [ERROR] Protocolo desconhecido @ find_port()

2016.04.02-17:44:03.09 - [ERROR] Protocolo desconhecido @ insert_port_in_hash()

2016.04.02-17:44:04.59 - [ERROR] Protocolo desconhecido @ find_port()

2016.04.02-17:44:04.59 - [ERROR] Protocolo desconhecido @ insert_port_in_hash()

2016.04.02-17:44:04.59 - [ERROR] Protocolo desconhecido @ find_port()

2016.04.02-17:44:04.59 - [ERROR] Protocolo desconhecido @ insert_port_in_hash()

2016.04.02-17:44:04.59 - [ERROR] Protocolo desconhecido @ find_port()

2016.04.02-17:44:04.59 - [ERROR] Protocolo desconhecido @ insert_port_in_hash()

2016.04.02-17:44:04.59 - [ERROR] Protocolo desconhecido @ find_port()

2016.04.02-17:44:04.59 - [ERROR] Protocolo desconhecido @ insert_port_in_hash()

2016.04.02-17:44:04.59 - [ERROR] Protocolo desconhecido @ find_port()

2016.04.02-17:44:04.59 - [ERROR] Protocolo desconhecido @ insert_port_in_hash()

2016.04.02-17:44:04.59 - [ERROR] Protocolo desconhecido @ find_port()

2016.04.02-17:44:04.59 - [ERROR] Protocolo desconhecido @ insert_port_in_hash()

2016.04.02-17:44:09.09 - [WARN] Fluxo suspeito na porta 547
2016.04.02-17:44:09.09 - [WARN] Fluxo suspeito na porta 5355
2016.04.02-17:44:09.09 - [WARN] Fluxo suspeito na porta 138
2016.04.02-17:44:09.09 - [[31mATK[0m] Ataque na porta 138
2016.04.02-17:44:09.09 - [INFO] Number of iterations: 1, size of upper ips 1
2016.04.02-17:44:09.09 - 	[TOPSND] 1 -  Top Sender IP 192.168.0.255 (upper_ip: 49320) with packets: 1
2016.04.02-17:44:09.09 - [WARN] Fluxo suspeito na porta 17500
2016.04.02-17:44:19.09 - [WARN] Fluxo suspeito na porta 67
2016.04.02-17:44:19.09 - [WARN] Fluxo suspeito na porta 5353
2016.04.02-17:44:19.09 - [WARN] Fluxo suspeito na porta 138
2016.04.02-17:44:19.09 - [[31mATK[0m] Ataque na porta 138
2016.04.02-17:44:19.09 - [INFO] Number of iterations: 1, size of upper ips 1
2016.04.02-17:44:19.09 - 	[TOPSND] 1 -  Top Sender IP 192.168.0.255 (upper_ip: 49320) with packets: 3
2016.04.02-17:44:29.09 - [WARN] Fluxo suspeito na porta 5355
2016.04.02-17:44:29.09 - [WARN] Fluxo suspeito na porta 137
2016.04.02-17:44:29.09 - [WARN] Fluxo suspeito na porta 138
2016.04.02-17:44:29.09 - [[31mATK[0m] Ataque na porta 138
2016.04.02-17:44:29.09 - [INFO] Number of iterations: 1, size of upper ips 1
2016.04.02-17:44:29.09 - 	[TOPSND] 1 -  Top Sender IP 192.168.0.255 (upper_ip: 49320) with packets: 1
2016.04.02-17:44:33.59 - [ERROR] Protocolo desconhecido @ find_port()

2016.04.02-17:44:33.59 - [ERROR] Protocolo desconhecido @ insert_port_in_hash()

2016.04.02-17:44:33.59 - [ERROR] Protocolo desconhecido @ find_port()

2016.04.02-17:44:33.59 - [ERROR] Protocolo desconhecido @ insert_port_in_hash()

2016.04.02-17:44:33.59 - [ERROR] Protocolo desconhecido @ find_port()

2016.04.02-17:44:33.59 - [ERROR] Protocolo desconhecido @ insert_port_in_hash()

2016.04.02-17:44:33.59 - [ERROR] Protocolo desconhecido @ find_port()

2016.04.02-17:44:33.59 - [ERROR] Protocolo desconhecido @ insert_port_in_hash()

2016.04.02-17:44:33.09 - [ERROR] Protocolo desconhecido @ find_port()

2016.04.02-17:44:33.09 - [ERROR] Protocolo desconhecido @ insert_port_in_hash()

2016.04.02-17:44:33.09 - [ERROR] Protocolo desconhecido @ find_port()

2016.04.02-17:44:33.09 - [ERROR] Protocolo desconhecido @ insert_port_in_hash()

2016.04.02-17:44:34.59 - [ERROR] Protocolo desconhecido @ find_port()

2016.04.02-17:44:34.59 - [ERROR] Protocolo desconhecido @ insert_port_in_hash()

2016.04.02-17:44:34.59 - [ERROR] Protocolo desconhecido @ find_port()

2016.04.02-17:44:34.59 - [ERROR] Protocolo desconhecido @ insert_port_in_hash()

2016.04.02-17:44:34.59 - [ERROR] Protocolo desconhecido @ find_port()

2016.04.02-17:44:34.59 - [ERROR] Protocolo desconhecido @ insert_port_in_hash()

2016.04.02-17:44:34.59 - [ERROR] Protocolo desconhecido @ find_port()

2016.04.02-17:44:34.59 - [ERROR] Protocolo desconhecido @ insert_port_in_hash()

2016.04.02-17:44:34.59 - [ERROR] Protocolo desconhecido @ find_port()

2016.04.02-17:44:34.59 - [ERROR] Protocolo desconhecido @ insert_port_in_hash()

2016.04.02-17:44:34.59 - [ERROR] Protocolo desconhecido @ find_port()

2016.04.02-17:44:34.59 - [ERROR] Protocolo desconhecido @ insert_port_in_hash()

2016.04.02-17:44:39.09 - [WARN] Fluxo suspeito na porta 5353
2016.04.02-17:44:39.09 - [WARN] Fluxo suspeito na porta 5355
2016.04.02-17:44:39.09 - [WARN] Fluxo suspeito na porta 17500
2016.04.02-17:44:49.09 - [WARN] Fluxo suspeito na porta 67
2016.04.02-17:44:49.09 - [WARN] Fluxo suspeito na porta 5353
2016.04.02-17:44:49.09 - [WARN] Fluxo suspeito na porta 138
2016.04.02-17:44:59.09 - [WARN] Fluxo suspeito na porta 138
2016.04.02-17:45:01.09 - [ERROR] Protocolo desconhecido @ find_port()

2016.04.02-17:45:01.09 - [ERROR] Protocolo desconhecido @ insert_port_in_hash()

2016.04.02-17:45:01.09 - [ERROR] Protocolo desconhecido @ find_port()

2016.04.02-17:45:01.09 - [ERROR] Protocolo desconhecido @ insert_port_in_hash()

2016.04.02-17:45:02.59 - [ERROR] Protocolo desconhecido @ find_port()

2016.04.02-17:45:02.59 - [ERROR] Protocolo desconhecido @ insert_port_in_hash()

2016.04.02-17:45:02.59 - [ERROR] Protocolo desconhecido @ find_port()

2016.04.02-17:45:02.59 - [ERROR] Protocolo desconhecido @ insert_port_in_hash()

2016.04.02-17:45:03.59 - [ERROR] Protocolo desconhecido @ find_port()

2016.04.02-17:45:03.59 - [ERROR] Protocolo desconhecido @ insert_port_in_hash()

2016.04.02-17:45:03.59 - [ERROR] Protocolo desconhecido @ find_port()

2016.04.02-17:45:03.59 - [ERROR] Protocolo desconhecido @ insert_port_in_hash()

2016.04.02-17:45:03.59 - [ERROR] Protocolo desconhecido @ find_port()

2016.04.02-17:45:03.59 - [ERROR] Protocolo desconhecido @ insert_port_in_hash()

2016.04.02-17:45:03.59 - [ERROR] Protocolo desconhecido @ find_port()

2016.04.02-17:45:03.59 - [ERROR] Protocolo desconhecido @ insert_port_in_hash()

2016.04.02-17:45:03.59 - [ERROR] Protocolo desconhecido @ find_port()

2016.04.02-17:45:03.59 - [ERROR] Protocolo desconhecido @ insert_port_in_hash()

2016.04.02-17:45:03.59 - [ERROR] Protocolo desconhecido @ find_port()

2016.04.02-17:45:03.59 - [ERROR] Protocolo desconhecido @ insert_port_in_hash()

2016.04.02-17:45:03.59 - [ERROR] Protocolo desconhecido @ find_port()

2016.04.02-17:45:03.59 - [ERROR] Protocolo desconhecido @ insert_port_in_hash()

2016.04.02-17:45:03.59 - [ERROR] Protocolo desconhecido @ find_port()

2016.04.02-17:45:03.59 - [ERROR] Protocolo desconhecido @ insert_port_in_hash()

2016.04.02-17:45:03.59 - [ERROR] Protocolo desconhecido @ find_port()

2016.04.02-17:45:03.59 - [ERROR] Protocolo desconhecido @ insert_port_in_hash()

2016.04.02-17:45:03.09 - [ERROR] Protocolo desconhecido @ find_port()

2016.04.02-17:45:03.09 - [ERROR] Protocolo desconhecido @ insert_port_in_hash()

2016.04.02-17:45:03.09 - [ERROR] Protocolo desconhecido @ find_port()

2016.04.02-17:45:03.09 - [ERROR] Protocolo desconhecido @ insert_port_in_hash()

2016.04.02-17:45:04.09 - [ERROR] Protocolo desconhecido @ find_port()

2016.04.02-17:45:04.09 - [ERROR] Protocolo desconhecido @ insert_port_in_hash()

2016.04.02-17:45:04.09 - [ERROR] Protocolo desconhecido @ find_port()

2016.04.02-17:45:04.09 - [ERROR] Protocolo desconhecido @ insert_port_in_hash()

2016.04.02-17:45:05.59 - [ERROR] Protocolo desconhecido @ find_port()

2016.04.02-17:45:05.59 - [ERROR] Protocolo desconhecido @ insert_port_in_hash()

2016.04.02-17:45:05.59 - [ERROR] Protocolo desconhecido @ find_port()

2016.04.02-17:45:05.59 - [ERROR] Protocolo desconhecido @ insert_port_in_hash()

2016.04.02-17:45:06.59 - [ERROR] Protocolo desconhecido @ find_port()

2016.04.02-17:45:06.59 - [ERROR] Protocolo desconhecido @ insert_port_in_hash()

2016.04.02-17:45:06.59 - [ERROR] Protocolo desconhecido @ find_port()

2016.04.02-17:45:06.59 - [ERROR] Protocolo desconhecido @ insert_port_in_hash()

2016.04.02-17:45:07.09 - [ERROR] Protocolo desconhecido @ find_port()

2016.04.02-17:45:07.09 - [ERROR] Protocolo desconhecido @ insert_port_in_hash()

2016.04.02-17:45:08.59 - [ERROR] Protocolo desconhecido @ find_port()

2016.04.02-17:45:08.59 - [ERROR] Protocolo desconhecido @ insert_port_in_hash()

2016.04.02-17:45:09.59 - [ERROR] Protocolo desconhecido @ find_port()

2016.04.02-17:45:09.59 - [ERROR] Protocolo desconhecido @ insert_port_in_hash()

2016.04.02-17:45:09.09 - [ERROR] Protocolo desconhecido @ find_port()

2016.04.02-17:45:09.09 - [ERROR] Protocolo desconhecido @ insert_port_in_hash()

2016.04.02-17:45:09.09 - [WARN] Fluxo suspeito na porta 1900
2016.04.02-17:45:09.09 - [WARN] Fluxo suspeito na porta 5355
2016.04.02-17:45:09.09 - [WARN] Fluxo suspeito na porta 17500
2016.04.02-17:45:10.59 - [ERROR] Protocolo desconhecido @ find_port()

2016.04.02-17:45:10.59 - [ERROR] Protocolo desconhecido @ insert_port_in_hash()

2016.04.02-17:45:10.09 - [ERROR] Protocolo desconhecido @ find_port()

2016.04.02-17:45:10.09 - [ERROR] Protocolo desconhecido @ insert_port_in_hash()

2016.04.02-17:45:10.09 - [ERROR] Protocolo desconhecido @ find_port()

2016.04.02-17:45:10.09 - [ERROR] Protocolo desconhecido @ insert_port_in_hash()

2016.04.02-17:45:10.09 - [ERROR] Protocolo desconhecido @ find_port()

2016.04.02-17:45:10.09 - [ERROR] Protocolo desconhecido @ insert_port_in_hash()

2016.04.02-17:45:11.59 - [ERROR] Protocolo desconhecido @ find_port()

2016.04.02-17:45:11.59 - [ERROR] Protocolo desconhecido @ insert_port_in_hash()

2016.04.02-17:45:11.59 - [ERROR] Protocolo desconhecido @ find_port()

2016.04.02-17:45:11.59 - [ERROR] Protocolo desconhecido @ insert_port_in_hash()

2016.04.02-17:45:11.59 - [ERROR] Protocolo desconhecido @ find_port()

2016.04.02-17:45:11.59 - [ERROR] Protocolo desconhecido @ insert_port_in_hash()

2016.04.02-17:45:11.59 - [ERROR] Protocolo desconhecido @ find_port()

2016.04.02-17:45:11.59 - [ERROR] Protocolo desconhecido @ insert_port_in_hash()

2016.04.02-17:45:12.59 - [ERROR] Protocolo desconhecido @ find_port()

2016.04.02-17:45:12.59 - [ERROR] Protocolo desconhecido @ insert_port_in_hash()

2016.04.02-17:45:12.59 - [ERROR] Protocolo desconhecido @ find_port()

2016.04.02-17:45:12.59 - [ERROR] Protocolo desconhecido @ insert_port_in_hash()

2016.04.02-17:45:12.59 - [ERROR] Protocolo desconhecido @ find_port()

2016.04.02-17:45:12.59 - [ERROR] Protocolo desconhecido @ insert_port_in_hash()

2016.04.02-17:45:12.09 - [ERROR] Protocolo desconhecido @ find_port()

2016.04.02-17:45:12.09 - [ERROR] Protocolo desconhecido @ insert_port_in_hash()

2016.04.02-17:45:13.59 - [ERROR] Protocolo desconhecido @ find_port()

2016.04.02-17:45:13.59 - [ERROR] Protocolo desconhecido @ insert_port_in_hash()

2016.04.02-17:45:14.59 - [ERROR] Protocolo desconhecido @ find_port()

2016.04.02-17:45:14.59 - [ERROR] Protocolo desconhecido @ insert_port_in_hash()

2016.04.02-17:45:16.09 - [ERROR] Protocolo desconhecido @ find_port()

2016.04.02-17:45:16.09 - [ERROR] Protocolo desconhecido @ insert_port_in_hash()

2016.04.02-17:45:17.59 - [ERROR] Protocolo desconhecido @ find_port()

2016.04.02-17:45:17.59 - [ERROR] Protocolo desconhecido @ insert_port_in_hash()

2016.04.02-17:45:18.59 - [ERROR] Protocolo desconhecido @ find_port()

2016.04.02-17:45:18.59 - [ERROR] Protocolo desconhecido @ insert_port_in_hash()

2016.04.02-17:45:18.09 - [ERROR] Protocolo desconhecido @ find_port()

2016.04.02-17:45:18.09 - [ERROR] Protocolo desconhecido @ insert_port_in_hash()

2016.04.02-17:45:19.59 - [ERROR] Protocolo desconhecido @ find_port()

2016.04.02-17:45:19.59 - [ERROR] Protocolo desconhecido @ insert_port_in_hash()

2016.04.02-17:45:19.09 - [WARN] Fluxo suspeito na porta 67
2016.04.02-17:45:20.59 - [ERROR] Protocolo desconhecido @ find_port()

2016.04.02-17:45:20.59 - [ERROR] Protocolo desconhecido @ insert_port_in_hash()

2016.04.02-17:45:20.09 - [ERROR] Protocolo desconhecido @ find_port()

2016.04.02-17:45:20.09 - [ERROR] Protocolo desconhecido @ insert_port_in_hash()

2016.04.02-17:45:20.09 - [ERROR] Protocolo desconhecido @ find_port()

2016.04.02-17:45:20.09 - [ERROR] Protocolo desconhecido @ insert_port_in_hash()

2016.04.02-17:45:20.09 - [ERROR] Protocolo desconhecido @ find_port()

2016.04.02-17:45:20.09 - [ERROR] Protocolo desconhecido @ insert_port_in_hash()

2016.04.02-17:45:21.59 - [ERROR] Protocolo desconhecido @ find_port()

2016.04.02-17:45:21.59 - [ERROR] Protocolo desconhecido @ insert_port_in_hash()

2016.04.02-17:45:21.59 - [ERROR] Protocolo desconhecido @ find_port()

2016.04.02-17:45:21.59 - [ERROR] Protocolo desconhecido @ insert_port_in_hash()

2016.04.02-17:45:21.59 - [ERROR] Protocolo desconhecido @ find_port()

2016.04.02-17:45:21.59 - [ERROR] Protocolo desconhecido @ insert_port_in_hash()

2016.04.02-17:45:22.59 - [ERROR] Protocolo desconhecido @ find_port()

2016.04.02-17:45:22.59 - [ERROR] Protocolo desconhecido @ insert_port_in_hash()

2016.04.02-17:45:22.59 - [ERROR] Protocolo desconhecido @ find_port()

2016.04.02-17:45:22.59 - [ERROR] Protocolo desconhecido @ insert_port_in_hash()

2016.04.02-17:45:22.59 - [ERROR] Protocolo desconhecido @ find_port()

2016.04.02-17:45:22.59 - [ERROR] Protocolo desconhecido @ insert_port_in_hash()

2016.04.02-17:45:23.09 - [ERROR] Protocolo desconhecido @ find_port()

2016.04.02-17:45:23.09 - [ERROR] Protocolo desconhecido @ insert_port_in_hash()

2016.04.02-17:45:23.09 - [ERROR] Protocolo desconhecido @ find_port()

2016.04.02-17:45:23.09 - [ERROR] Protocolo desconhecido @ insert_port_in_hash()

2016.04.02-17:45:23.09 - [ERROR] Protocolo desconhecido @ find_port()

2016.04.02-17:45:23.09 - [ERROR] Protocolo desconhecido @ insert_port_in_hash()

2016.04.02-17:45:24.59 - [ERROR] Protocolo desconhecido @ find_port()

2016.04.02-17:45:24.59 - [ERROR] Protocolo desconhecido @ insert_port_in_hash()

2016.04.02-17:45:24.59 - [ERROR] Protocolo desconhecido @ find_port()

2016.04.02-17:45:24.59 - [ERROR] Protocolo desconhecido @ insert_port_in_hash()

2016.04.02-17:45:24.59 - [ERROR] Protocolo desconhecido @ find_port()

2016.04.02-17:45:24.59 - [ERROR] Protocolo desconhecido @ insert_port_in_hash()

2016.04.02-17:45:25.59 - [ERROR] Protocolo desconhecido @ find_port()

2016.04.02-17:45:25.59 - [ERROR] Protocolo desconhecido @ insert_port_in_hash()

2016.04.02-17:45:25.59 - [ERROR] Protocolo desconhecido @ find_port()

2016.04.02-17:45:25.59 - [ERROR] Protocolo desconhecido @ insert_port_in_hash()

2016.04.02-17:45:25.59 - [ERROR] Protocolo desconhecido @ find_port()

2016.04.02-17:45:25.59 - [ERROR] Protocolo desconhecido @ insert_port_in_hash()

2016.04.02-17:45:28.09 - [ERROR] Protocolo desconhecido @ find_port()

2016.04.02-17:45:28.09 - [ERROR] Protocolo desconhecido @ insert_port_in_hash()

2016.04.02-17:45:28.09 - [ERROR] Protocolo desconhecido @ find_port()

2016.04.02-17:45:28.09 - [ERROR] Protocolo desconhecido @ insert_port_in_hash()

2016.04.02-17:45:29.59 - [ERROR] Protocolo desconhecido @ find_port()

2016.04.02-17:45:29.59 - [ERROR] Protocolo desconhecido @ insert_port_in_hash()

2016.04.02-17:45:29.59 - [ERROR] Protocolo desconhecido @ find_port()

2016.04.02-17:45:29.59 - [ERROR] Protocolo desconhecido @ insert_port_in_hash()

2016.04.02-17:45:29.09 - [ERROR] Protocolo desconhecido @ find_port()

2016.04.02-17:45:29.09 - [ERROR] Protocolo desconhecido @ insert_port_in_hash()

2016.04.02-17:45:29.09 - [ERROR] Protocolo desconhecido @ find_port()

2016.04.02-17:45:29.09 - [ERROR] Protocolo desconhecido @ insert_port_in_hash()

2016.04.02-17:45:29.09 - [ERROR] Protocolo desconhecido @ find_port()

2016.04.02-17:45:29.09 - [ERROR] Protocolo desconhecido @ insert_port_in_hash()

2016.04.02-17:45:29.09 - [WARN] Fluxo suspeito na porta 138
2016.04.02-17:45:30.59 - [ERROR] Protocolo desconhecido @ find_port()

2016.04.02-17:45:30.59 - [ERROR] Protocolo desconhecido @ insert_port_in_hash()

2016.04.02-17:45:30.59 - [ERROR] Protocolo desconhecido @ find_port()

2016.04.02-17:45:30.59 - [ERROR] Protocolo desconhecido @ insert_port_in_hash()

2016.04.02-17:45:30.59 - [ERROR] Protocolo desconhecido @ find_port()

2016.04.02-17:45:30.59 - [ERROR] Protocolo desconhecido @ insert_port_in_hash()

2016.04.02-17:45:30.59 - [ERROR] Protocolo desconhecido @ find_port()

2016.04.02-17:45:30.59 - [ERROR] Protocolo desconhecido @ insert_port_in_hash()

2016.04.02-17:45:30.59 - [ERROR] Protocolo desconhecido @ find_port()

2016.04.02-17:45:30.59 - [ERROR] Protocolo desconhecido @ insert_port_in_hash()

2016.04.02-17:45:31.59 - [ERROR] Protocolo desconhecido @ find_port()

2016.04.02-17:45:31.59 - [ERROR] Protocolo desconhecido @ insert_port_in_hash()

2016.04.02-17:45:31.59 - [ERROR] Protocolo desconhecido @ find_port()

2016.04.02-17:45:31.59 - [ERROR] Protocolo desconhecido @ insert_port_in_hash()

2016.04.02-17:45:31.59 - [ERROR] Protocolo desconhecido @ find_port()

2016.04.02-17:45:31.59 - [ERROR] Protocolo desconhecido @ insert_port_in_hash()

2016.04.02-17:45:31.09 - [ERROR] Protocolo desconhecido @ find_port()

2016.04.02-17:45:31.09 - [ERROR] Protocolo desconhecido @ insert_port_in_hash()

2016.04.02-17:45:31.09 - [ERROR] Protocolo desconhecido @ find_port()

2016.04.02-17:45:31.09 - [ERROR] Protocolo desconhecido @ insert_port_in_hash()

2016.04.02-17:45:32.59 - [ERROR] Protocolo desconhecido @ find_port()

2016.04.02-17:45:32.59 - [ERROR] Protocolo desconhecido @ insert_port_in_hash()

2016.04.02-17:45:32.59 - [ERROR] Protocolo desconhecido @ find_port()

2016.04.02-17:45:32.59 - [ERROR] Protocolo desconhecido @ insert_port_in_hash()

2016.04.02-17:45:33.59 - [ERROR] Protocolo desconhecido @ find_port()

2016.04.02-17:45:33.59 - [ERROR] Protocolo desconhecido @ insert_port_in_hash()

2016.04.02-17:45:33.59 - [ERROR] Protocolo desconhecido @ find_port()

2016.04.02-17:45:33.59 - [ERROR] Protocolo desconhecido @ insert_port_in_hash()

2016.04.02-17:45:33.59 - [ERROR] Protocolo desconhecido @ find_port()

2016.04.02-17:45:33.59 - [ERROR] Protocolo desconhecido @ insert_port_in_hash()

2016.04.02-17:45:33.59 - [ERROR] Protocolo desconhecido @ find_port()

2016.04.02-17:45:33.59 - [ERROR] Protocolo desconhecido @ insert_port_in_hash()

2016.04.02-17:45:33.59 - [ERROR] Protocolo desconhecido @ find_port()

2016.04.02-17:45:33.59 - [ERROR] Protocolo desconhecido @ insert_port_in_hash()

2016.04.02-17:45:33.59 - [ERROR] Protocolo desconhecido @ find_port()

2016.04.02-17:45:33.59 - [ERROR] Protocolo desconhecido @ insert_port_in_hash()

2016.04.02-17:45:33.59 - [ERROR] Protocolo desconhecido @ find_port()

2016.04.02-17:45:33.59 - [ERROR] Protocolo desconhecido @ insert_port_in_hash()

2016.04.02-17:45:33.59 - [ERROR] Protocolo desconhecido @ find_port()

2016.04.02-17:45:33.59 - [ERROR] Protocolo desconhecido @ insert_port_in_hash()

2016.04.02-17:45:33.59 - [ERROR] Protocolo desconhecido @ find_port()

2016.04.02-17:45:33.59 - [ERROR] Protocolo desconhecido @ insert_port_in_hash()

2016.04.02-17:45:33.59 - [ERROR] Protocolo desconhecido @ find_port()

2016.04.02-17:45:33.59 - [ERROR] Protocolo desconhecido @ insert_port_in_hash()

2016.04.02-17:45:33.09 - [ERROR] Protocolo desconhecido @ find_port()

2016.04.02-17:45:33.09 - [ERROR] Protocolo desconhecido @ insert_port_in_hash()

2016.04.02-17:45:33.09 - [ERROR] Protocolo desconhecido @ find_port()

2016.04.02-17:45:33.09 - [ERROR] Protocolo desconhecido @ insert_port_in_hash()

